<?xml version="1.0" encoding="UTF-8"?>
<testng-results skipped="0" failed="0" ignored="0" total="1" passed="1">
  <reporter-output>
  </reporter-output>
  <suite name="Surefire suite" duration-ms="563" started-at="2021-12-24T18:38:18Z" finished-at="2021-12-24T18:38:18Z">
    <groups>
    </groups>
    <test name="Surefire test" duration-ms="563" started-at="2021-12-24T18:38:18Z" finished-at="2021-12-24T18:38:18Z">
      <class name="com.amazon.AppTest">
        <test-method status="PASS" signature="shouldAnswerWithTrue()" name="shouldAnswerWithTrue" duration-ms="16" started-at="2021-12-24T18:38:18Z" finished-at="2021-12-24T18:38:18Z">
          <reporter-output>
          </reporter-output>
        </test-method> <!-- shouldAnswerWithTrue -->
      </class> <!-- com.amazon.AppTest -->
    </test> <!-- Surefire test -->
  </suite> <!-- Surefire suite -->
</testng-results>
